#-----------------------------------------------------------
# Vivado v2016.4 (64-bit)
# SW Build 1756540 on Mon Jan 23 19:11:23 MST 2017
# IP Build 1755317 on Mon Jan 23 20:30:07 MST 2017
# Start of session at: Fri Apr 06 12:05:06 2018
# Process ID: 7912
# Current directory: C:/Users/Nicol/Desktop/microprocessor/microprocessor
# Command line: vivado.exe -gui_launcher_event rodinguilauncherevent13068 C:\Users\Nicol\Desktop\microprocessor\microprocessor\microprocessor.xpr
# Log file: C:/Users/Nicol/Desktop/microprocessor/microprocessor/vivado.log
# Journal file: C:/Users/Nicol/Desktop/microprocessor/microprocessor\vivado.jou
#-----------------------------------------------------------
start_gui
open_project C:/Users/Nicol/Desktop/microprocessor/microprocessor/microprocessor.xpr
Scanning sources...
Finished scanning sources
INFO: [IP_Flow 19-234] Refreshing IP repositories
INFO: [IP_Flow 19-1704] No user IP repositories specified
INFO: [IP_Flow 19-2313] Loaded Vivado IP repository 'C:/Xilinx/Vivado/2016.4/data/ip'.
open_project: Time (s): cpu = 00:00:13 ; elapsed = 00:00:08 . Memory (MB): peak = 807.082 ; gain = 142.496
exit
INFO: [Common 17-206] Exiting Vivado at Fri Apr 06 12:06:14 2018...
