Exception at PC 0x00007FFB3F6A4008
Exception at PC 0x00007FFB3F6A4008
Exception at PC 0x00007FFB3F6A4008
Exception at PC 0x00007FFB3F6A4008
Exception at PC 0x00007FFAC8DEE132
Attemped to write at address 0x00007FFB0BBC4AA4
Printing stacktrace...

[0]  [0x00007FFAC8DEE132]
[1]  [0x00007FFAC8DEE132]
[2]  [0x00007FFAC8DEE194]
[3]  [0x00007FFAC8A3D0D7]
[4]  [0x00007FFAC8922BCA]
[5]  [0x00007FFAC8922FD1]
[6]  [0x00007FFAC8DEEB2F]
[7]  [0x00007FFAC8CAC19D]
[8]  [0x00007FFAC8CA5942]
[9]  [0x00007FFAC8CA5AB5]
[10] (RtlDeactivateActivationContextUnsafeFast+0x1b3) [0x00007FFB43201493]
[11] (LdrShutdownProcess+0x125) [0x00007FFB432306B5]
[12] (RtlExitUserProcess+0xb4) [0x00007FFB43230574]
[13] (ExitProcess+0xa) [0x00007FFB4083F06A]
[14] (exit+0x75) [0x00007FFB417B9B25]
[15] (initterm_e+0x21d) [0x00007FFB417BA16D]
[16]  [0x00000000004014CD]
[17]  [0x000000000040151B]
[18] (BaseThreadInitThunk+0x14) [0x00007FFB40841FE4]
[19] (RtlUserThreadStart+0x21) [0x00007FFB4325EFC1]
Done
